2025-06-01 11:01:51 [main] INFO  c.s.t.EchoserviceApplicationTests - Starting EchoserviceApplicationTests using Java 21.0.7 with PID 11380 (started by Shitij in C:\Backup-New-Machine\dev\tower)
2025-06-01 11:01:51 [main] INFO  c.s.t.EchoserviceApplicationTests - No active profile set, falling back to 1 default profile: "default"
2025-06-01 11:01:52 [main] INFO  c.s.t.EchoserviceApplicationTests - Started EchoserviceApplicationTests in 2.07 seconds (process running for 3.729)
2025-06-01 11:02:21 [main] INFO  c.sb.tower.TowerServiceApplication - Starting TowerServiceApplication using Java 21.0.7 with PID 6216 (C:\Backup-New-Machine\dev\tower\target\classes started by Shitij in C:\Backup-New-Machine\dev\tower)
2025-06-01 11:02:21 [main] INFO  c.sb.tower.TowerServiceApplication - No active profile set, falling back to 1 default profile: "default"
2025-06-01 11:02:23 [main] INFO  o.s.b.w.e.tomcat.TomcatWebServer - Tomcat initialized with port 8085 (http)
2025-06-01 11:02:23 [main] INFO  o.a.coyote.http11.Http11NioProtocol - Initializing ProtocolHandler ["http-nio-8085"]
2025-06-01 11:02:23 [main] INFO  o.a.catalina.core.StandardService - Starting service [Tomcat]
2025-06-01 11:02:23 [main] INFO  o.a.catalina.core.StandardEngine - Starting Servlet engine: [Apache Tomcat/10.1.34]
2025-06-01 11:02:23 [main] INFO  o.a.c.c.C.[Tomcat].[localhost].[/] - Initializing Spring embedded WebApplicationContext
2025-06-01 11:02:23 [main] INFO  o.s.b.w.s.c.ServletWebServerApplicationContext - Root WebApplicationContext: initialization completed in 1343 ms
2025-06-01 11:02:23 [main] INFO  o.a.coyote.http11.Http11NioProtocol - Starting ProtocolHandler ["http-nio-8085"]
2025-06-01 11:02:23 [main] INFO  o.s.b.w.e.tomcat.TomcatWebServer - Tomcat started on port 8085 (http) with context path '/'
2025-06-01 11:02:23 [main] INFO  c.sb.tower.TowerServiceApplication - Started TowerServiceApplication in 2.677 seconds (process running for 3.258)
2025-06-01 11:02:56 [http-nio-8085-exec-1] INFO  o.a.c.c.C.[Tomcat].[localhost].[/] - Initializing Spring DispatcherServlet 'dispatcherServlet'
2025-06-01 11:02:56 [http-nio-8085-exec-1] INFO  o.s.web.servlet.DispatcherServlet - Initializing Servlet 'dispatcherServlet'
2025-06-01 11:02:56 [http-nio-8085-exec-1] INFO  o.s.web.servlet.DispatcherServlet - Completed initialization in 1 ms
2025-06-01 11:02:56 [http-nio-8085-exec-1] INFO  com.sb.tower.web.TowerController - Tower Service is Up
2025-06-01 11:03:03 [SpringApplicationShutdownHook] INFO  o.s.b.w.e.tomcat.GracefulShutdown - Commencing graceful shutdown. Waiting for active requests to complete
2025-06-01 11:03:03 [tomcat-shutdown] INFO  o.s.b.w.e.tomcat.GracefulShutdown - Graceful shutdown complete
2025-06-01 11:05:51 [main] INFO  c.sb.tower.TowerServiceApplication - Starting TowerServiceApplication using Java 21.0.7 with PID 14928 (C:\Backup-New-Machine\dev\tower\target\classes started by Shitij in C:\Backup-New-Machine\dev\tower)
2025-06-01 11:05:51 [main] INFO  c.sb.tower.TowerServiceApplication - No active profile set, falling back to 1 default profile: "default"
2025-06-01 11:05:53 [main] INFO  o.s.b.w.e.tomcat.TomcatWebServer - Tomcat initialized with port 8085 (http)
2025-06-01 11:05:53 [main] INFO  o.a.coyote.http11.Http11NioProtocol - Initializing ProtocolHandler ["http-nio-8085"]
2025-06-01 11:05:53 [main] INFO  o.a.catalina.core.StandardService - Starting service [Tomcat]
2025-06-01 11:05:53 [main] INFO  o.a.catalina.core.StandardEngine - Starting Servlet engine: [Apache Tomcat/10.1.34]
2025-06-01 11:05:53 [main] INFO  o.a.c.c.C.[Tomcat].[localhost].[/] - Initializing Spring embedded WebApplicationContext
2025-06-01 11:05:53 [main] INFO  o.s.b.w.s.c.ServletWebServerApplicationContext - Root WebApplicationContext: initialization completed in 1444 ms
2025-06-01 11:05:53 [main] INFO  o.a.coyote.http11.Http11NioProtocol - Starting ProtocolHandler ["http-nio-8085"]
2025-06-01 11:05:53 [main] INFO  o.s.b.w.e.tomcat.TomcatWebServer - Tomcat started on port 8085 (http) with context path '/'
2025-06-01 11:05:53 [main] INFO  c.sb.tower.TowerServiceApplication - Started TowerServiceApplication in 2.749 seconds (process running for 3.248)
2025-06-01 11:06:06 [http-nio-8085-exec-1] INFO  o.a.c.c.C.[Tomcat].[localhost].[/] - Initializing Spring DispatcherServlet 'dispatcherServlet'
2025-06-01 11:06:06 [http-nio-8085-exec-1] INFO  o.s.web.servlet.DispatcherServlet - Initializing Servlet 'dispatcherServlet'
2025-06-01 11:06:06 [http-nio-8085-exec-1] INFO  o.s.web.servlet.DispatcherServlet - Completed initialization in 0 ms
2025-06-01 11:06:06 [http-nio-8085-exec-1] INFO  com.sb.tower.web.TowerController - Tower Service is Up
2025-06-01 11:06:08 [http-nio-8085-exec-2] INFO  com.sb.tower.web.TowerController - Tower Service is Up
2025-06-01 11:06:21 [http-nio-8085-exec-3] INFO  com.sb.tower.web.TowerController - Tower Service has bootstrapped
2025-06-01 11:06:44 [http-nio-8085-exec-5] INFO  com.sb.tower.web.TowerController - Tower Service has submitted request
2025-06-01 11:06:52 [SpringApplicationShutdownHook] INFO  o.s.b.w.e.tomcat.GracefulShutdown - Commencing graceful shutdown. Waiting for active requests to complete
2025-06-01 11:06:52 [tomcat-shutdown] INFO  o.s.b.w.e.tomcat.GracefulShutdown - Graceful shutdown complete
2025-06-01 11:08:22 [main] INFO  c.s.t.TowerServiceApplicationTests - Starting TowerServiceApplicationTests using Java 21.0.7 with PID 15552 (started by Shitij in C:\Backup-New-Machine\dev\tower)
2025-06-01 11:08:22 [main] INFO  c.s.t.TowerServiceApplicationTests - No active profile set, falling back to 1 default profile: "default"
2025-06-01 11:08:24 [main] INFO  c.s.t.TowerServiceApplicationTests - Started TowerServiceApplicationTests in 2.163 seconds (process running for 3.532)
2025-06-01 11:09:41 [main] INFO  c.s.t.TowerServiceApplicationTests - Starting TowerServiceApplicationTests using Java 21.0.7 with PID 13540 (started by Shitij in C:\Backup-New-Machine\dev\tower)
2025-06-01 11:09:41 [main] INFO  c.s.t.TowerServiceApplicationTests - No active profile set, falling back to 1 default profile: "default"
2025-06-01 11:09:42 [main] INFO  c.s.t.TowerServiceApplicationTests - Started TowerServiceApplicationTests in 2.019 seconds (process running for 3.51)
2025-06-01 11:09:58 [main] INFO  c.sb.tower.TowerServiceApplication - Starting TowerServiceApplication using Java 21.0.7 with PID 1212 (C:\Backup-New-Machine\dev\tower\target\classes started by Shitij in C:\Backup-New-Machine\dev\tower)
2025-06-01 11:09:58 [main] INFO  c.sb.tower.TowerServiceApplication - No active profile set, falling back to 1 default profile: "default"
2025-06-01 11:09:59 [main] INFO  o.s.b.w.e.tomcat.TomcatWebServer - Tomcat initialized with port 8085 (http)
2025-06-01 11:09:59 [main] INFO  o.a.coyote.http11.Http11NioProtocol - Initializing ProtocolHandler ["http-nio-8085"]
2025-06-01 11:09:59 [main] INFO  o.a.catalina.core.StandardService - Starting service [Tomcat]
2025-06-01 11:09:59 [main] INFO  o.a.catalina.core.StandardEngine - Starting Servlet engine: [Apache Tomcat/10.1.34]
2025-06-01 11:09:59 [main] INFO  o.a.c.c.C.[Tomcat].[localhost].[/] - Initializing Spring embedded WebApplicationContext
2025-06-01 11:09:59 [main] INFO  o.s.b.w.s.c.ServletWebServerApplicationContext - Root WebApplicationContext: initialization completed in 1270 ms
2025-06-01 11:10:00 [main] INFO  o.a.coyote.http11.Http11NioProtocol - Starting ProtocolHandler ["http-nio-8085"]
2025-06-01 11:10:00 [main] INFO  o.s.b.w.e.tomcat.TomcatWebServer - Tomcat started on port 8085 (http) with context path '/'
2025-06-01 11:10:00 [main] INFO  c.sb.tower.TowerServiceApplication - Started TowerServiceApplication in 2.532 seconds (process running for 3.013)
2025-06-01 11:10:06 [http-nio-8085-exec-1] INFO  o.a.c.c.C.[Tomcat].[localhost].[/] - Initializing Spring DispatcherServlet 'dispatcherServlet'
2025-06-01 11:10:06 [http-nio-8085-exec-1] INFO  o.s.web.servlet.DispatcherServlet - Initializing Servlet 'dispatcherServlet'
2025-06-01 11:10:06 [http-nio-8085-exec-1] INFO  o.s.web.servlet.DispatcherServlet - Completed initialization in 0 ms
2025-06-01 11:10:06 [http-nio-8085-exec-1] INFO  com.sb.tower.web.TowerController - Tower Service is ready
2025-06-01 11:10:11 [http-nio-8085-exec-5] INFO  com.sb.tower.web.TowerController - Tower Service has bootstrapped
2025-06-01 11:10:18 [http-nio-8085-exec-6] INFO  com.sb.tower.web.TowerController - Tower Service has submitted request
2025-06-01 11:10:30 [SpringApplicationShutdownHook] INFO  o.s.b.w.e.tomcat.GracefulShutdown - Commencing graceful shutdown. Waiting for active requests to complete
2025-06-01 11:10:30 [tomcat-shutdown] INFO  o.s.b.w.e.tomcat.GracefulShutdown - Graceful shutdown complete
